2025-05-08 15:29:13.729 - Database initialized (file_chunks, chunk_references, file_metadata).
2025-05-08 15:29:13.730 - StorageService starting HTTPS on port 8081
2025-05-08 15:29:34.995 - POST /store received with multipart/form-data
2025-05-08 15:29:34.995 - Received parameters:
2025-05-08 15:29:34.996 - Received files:
2025-05-08 15:29:34.996 -   chunk_0: chunk_0.bin (content_length: 1048576)
2025-05-08 15:29:34.997 -   chunk_1: chunk_1.bin (content_length: 1048576)
2025-05-08 15:29:34.997 -   chunk_2: chunk_2.bin (content_length: 524798)
2025-05-08 15:29:34.998 -   chunk_hashes:  (content_length: 202)
2025-05-08 15:29:34.998 -   cid:  (content_length: 81)
2025-05-08 15:29:34.999 -   original_filename:  (content_length: 17)
2025-05-08 15:29:35.001 - Found cid in files: 93abb34e0efa37b8f502b8686aa8fbc7771d99edadd957341c87b155977d54d6_96f5e8a48519c5fa
2025-05-08 15:29:35.001 - Found original_filename in files: example_2_5mb.txt
2025-05-08 15:29:35.002 - Found chunk_hashes in files: ["e258a491b361c73d4e8b71c8979ca7dddd9da1e32dc14b0ef40cc4ee25d36f6c","581c37049b23e2efdf56edc980105e7f7af8305dce8a1238c0934f85e5e962f3","99e4ce59c324f3e8bb3d8d83014fc54f4e7ec874ae1f37ceb1c7df1cfa09f780"]
2025-05-08 15:29:35.002 - Storing CID=93abb34e0efa37b8f502b8686aa8fbc7771d99edadd957341c87b155977d54d6_96f5e8a48519c5fa with 3 chunks
2025-05-08 15:29:35.015 - Updated reference counts for 3 chunks for CID: 93abb34e0efa37b8f502b8686aa8fbc7771d99edadd957341c87b155977d54d6_96f5e8a48519c5fa
2025-05-08 15:29:41.745 - POST /store received with multipart/form-data
2025-05-08 15:29:41.745 - Received parameters:
2025-05-08 15:29:41.745 - Received files:
2025-05-08 15:29:41.745 -   chunk_0: chunk_0.bin (content_length: 1048576)
2025-05-08 15:29:41.746 -   chunk_1: chunk_1.bin (content_length: 1048576)
2025-05-08 15:29:41.746 -   chunk_hashes:  (content_length: 135)
2025-05-08 15:29:41.746 -   cid:  (content_length: 81)
2025-05-08 15:29:41.746 -   original_filename:  (content_length: 12)
2025-05-08 15:29:41.747 - Found cid in files: 9d2a08a033d22e99e4b92d0881e17d40a9e1f36a9883026bcbcb93701de86bd3_7162d3f616d12e2e
2025-05-08 15:29:41.747 - Found original_filename in files: file_2mb.txt
2025-05-08 15:29:41.747 - Found chunk_hashes in files: ["4e29ad18ab9f42d7c233500771a39d7c852b200baf328fd00fbbe3fecea1eb56","4e29ad18ab9f42d7c233500771a39d7c852b200baf328fd00fbbe3fecea1eb56"]
2025-05-08 15:29:41.748 - Storing CID=9d2a08a033d22e99e4b92d0881e17d40a9e1f36a9883026bcbcb93701de86bd3_7162d3f616d12e2e with 2 chunks
2025-05-08 15:29:41.764 - Updated reference counts for 2 chunks for CID: 9d2a08a033d22e99e4b92d0881e17d40a9e1f36a9883026bcbcb93701de86bd3_7162d3f616d12e2e
2025-05-08 15:30:00.229 - POST /store received with multipart/form-data
2025-05-08 15:30:00.229 - Received parameters:
2025-05-08 15:30:00.230 - Received files:
2025-05-08 15:30:00.230 -   chunk_0: chunk_0.bin (content_length: 1048576)
2025-05-08 15:30:00.230 -   chunk_1: chunk_1.bin (content_length: 1048576)
2025-05-08 15:30:00.231 -   chunk_2: chunk_2.bin (content_length: 1048576)
2025-05-08 15:30:00.231 -   chunk_hashes:  (content_length: 202)
2025-05-08 15:30:00.231 -   cid:  (content_length: 81)
2025-05-08 15:30:00.232 -   original_filename:  (content_length: 12)
2025-05-08 15:30:00.232 - Found cid in files: d5fa106cbb953d0fd77b1d586835dbdc1d2279b29b13a38bce8b91683188c31c_7e7ce6bfb339dc29
2025-05-08 15:30:00.232 - Found original_filename in files: file_3mb.txt
2025-05-08 15:30:00.232 - Found chunk_hashes in files: ["5ae9782017a68037004b2bf806c77d324db4d915ed3725d84eb3121b2ad16061","4e29ad18ab9f42d7c233500771a39d7c852b200baf328fd00fbbe3fecea1eb56","4e29ad18ab9f42d7c233500771a39d7c852b200baf328fd00fbbe3fecea1eb56"]
2025-05-08 15:30:00.233 - Storing CID=d5fa106cbb953d0fd77b1d586835dbdc1d2279b29b13a38bce8b91683188c31c_7e7ce6bfb339dc29 with 3 chunks
2025-05-08 15:30:00.251 - Updated reference counts for 3 chunks for CID: d5fa106cbb953d0fd77b1d586835dbdc1d2279b29b13a38bce8b91683188c31c_7e7ce6bfb339dc29
2025-05-08 17:48:48.277 - Database initialized (file_chunks, chunk_references, file_metadata).
2025-05-08 17:48:48.278 - StorageService starting HTTPS on port 8081
2025-05-08 17:49:28.630 - Received DEBUG request for CID: d5fa106cbb953d0fd77b1d586835dbdc1d2279b29b13a38bce8b91683188c31c_7e7ce6bfb339dc29, hex: 643566613130366362623935336430666437376231643538363833356462646331643232373962323962313361333862636538623931363833313838633331635f37653763653662666233333964633239
2025-05-08 17:49:28.631 - DEBUG CID: d5fa106cbb953d0fd77b1d586835dbdc1d2279b29b13a38bce8b91683188c31c_7e7ce6bfb339dc29, file_chunks found: 3
2025-05-08 17:49:28.631 - DEBUG CID: d5fa106cbb953d0fd77b1d586835dbdc1d2279b29b13a38bce8b91683188c31c_7e7ce6bfb339dc29, file_metadata found: true
