2025-05-07 17:47:30.229 - Frontend service starting with config: {"backend_host":"127.0.0.1","backend_port":8081,"chunk_size":1048576,"log_file":"C:\\Users\\Training\\Desktop\\ProjectRoot\\FrontendService\\frontend.log","server_port":8080}
2025-05-07 17:47:30.232 - Server started on port 8080
2025-05-07 17:47:42.235 - Received upload: 50mb.txt (51685773 bytes)
2025-05-07 17:47:42.236 - Created thread pool with 8 threads
2025-05-07 17:47:42.252 - Processing file in 50 chunks
2025-05-07 17:47:42.498 - All chunks processed in parallel
2025-05-07 17:47:42.500 - Generated CID: d9890958fee79a61c58ec629ec93f437bda0b4dfee773f422f001c7099d9ea99_05b4df19b6dc40d3
2025-05-07 17:47:43.733 - JSON payload size: 68918138 bytes
2025-05-07 17:47:43.743 - Sending to backend.
2025-05-07 17:47:43.743 - Connecting to backend service at 127.0.0.1:8081
2025-05-07 17:47:46.880 - Successfully sent metadata to backend. Response: Success
2025-05-07 17:47:46.880 - Successfully sent to backend. Returning CID to client.
2025-05-07 17:52:15.080 - Received upload: 50mb.txt (51685773 bytes)
2025-05-07 17:52:15.080 - Created thread pool with 8 threads
2025-05-07 17:52:15.100 - Processing file in 50 chunks
2025-05-07 17:52:15.371 - All chunks processed in parallel
2025-05-07 17:52:15.371 - Generated CID: d9890958fee79a61c58ec629ec93f437bda0b4dfee773f422f001c7099d9ea99_5d5469bbab50af19
2025-05-07 17:52:16.646 - JSON payload size: 68918138 bytes
2025-05-07 17:52:16.646 - Sending to backend.
2025-05-07 17:52:16.646 - Connecting to backend service at 127.0.0.1:8081
2025-05-07 17:52:19.222 - Successfully sent metadata to backend. Response: Success
2025-05-07 17:52:19.222 - Successfully sent to backend. Returning CID to client.
