2025-05-07 17:47:33.872 - Database initialized (file_chunks, chunk_references, file_metadata).
2025-05-07 17:47:33.874 - StorageService starting HTTP on port 8081
2025-05-07 17:47:44.114 - POST /store received from service 1, Content-Length=68918138
2025-05-07 17:47:45.256 - Storing CID=d9890958fee79a61c58ec629ec93f437bda0b4dfee773f422f001c7099d9ea99_05b4df19b6dc40d3 with 50 chunks
2025-05-07 17:47:45.289 - Updating ref count 
2025-05-07 17:47:45.303 - Saving in file_chunks table
2025-05-07 17:47:45.340 - Updating ref count 
2025-05-07 17:47:45.341 - Saving in file_chunks table
2025-05-07 17:47:45.371 - Updating ref count 
2025-05-07 17:47:45.373 - Saving in file_chunks table
2025-05-07 17:47:45.405 - Updating ref count 
2025-05-07 17:47:45.416 - Saving in file_chunks table
2025-05-07 17:47:45.444 - Updating ref count 
2025-05-07 17:47:45.445 - Saving in file_chunks table
2025-05-07 17:47:45.478 - Updating ref count 
2025-05-07 17:47:45.478 - Saving in file_chunks table
2025-05-07 17:47:45.508 - Updating ref count 
2025-05-07 17:47:45.509 - Saving in file_chunks table
2025-05-07 17:47:45.542 - Updating ref count 
2025-05-07 17:47:45.542 - Saving in file_chunks table
2025-05-07 17:47:45.574 - Updating ref count 
2025-05-07 17:47:45.575 - Saving in file_chunks table
2025-05-07 17:47:45.607 - Updating ref count 
2025-05-07 17:47:45.608 - Saving in file_chunks table
2025-05-07 17:47:45.641 - Updating ref count 
2025-05-07 17:47:45.642 - Saving in file_chunks table
2025-05-07 17:47:45.678 - Updating ref count 
2025-05-07 17:47:45.678 - Saving in file_chunks table
2025-05-07 17:47:45.713 - Updating ref count 
2025-05-07 17:47:45.713 - Saving in file_chunks table
2025-05-07 17:47:45.747 - Updating ref count 
2025-05-07 17:47:45.747 - Saving in file_chunks table
2025-05-07 17:47:45.779 - Updating ref count 
2025-05-07 17:47:45.779 - Saving in file_chunks table
2025-05-07 17:47:45.806 - Updating ref count 
2025-05-07 17:47:45.807 - Saving in file_chunks table
2025-05-07 17:47:45.838 - Updating ref count 
2025-05-07 17:47:45.839 - Saving in file_chunks table
2025-05-07 17:47:45.873 - Updating ref count 
2025-05-07 17:47:45.874 - Saving in file_chunks table
2025-05-07 17:47:45.904 - Updating ref count 
2025-05-07 17:47:45.905 - Saving in file_chunks table
2025-05-07 17:47:45.934 - Updating ref count 
2025-05-07 17:47:45.935 - Saving in file_chunks table
2025-05-07 17:47:45.959 - Updating ref count 
2025-05-07 17:47:45.960 - Saving in file_chunks table
2025-05-07 17:47:45.992 - Updating ref count 
2025-05-07 17:47:45.993 - Saving in file_chunks table
2025-05-07 17:47:46.023 - Updating ref count 
2025-05-07 17:47:46.024 - Saving in file_chunks table
2025-05-07 17:47:46.052 - Updating ref count 
2025-05-07 17:47:46.052 - Saving in file_chunks table
2025-05-07 17:47:46.077 - Updating ref count 
2025-05-07 17:47:46.078 - Saving in file_chunks table
2025-05-07 17:47:46.101 - Updating ref count 
2025-05-07 17:47:46.102 - Saving in file_chunks table
2025-05-07 17:47:46.133 - Updating ref count 
2025-05-07 17:47:46.134 - Saving in file_chunks table
2025-05-07 17:47:46.167 - Updating ref count 
2025-05-07 17:47:46.168 - Saving in file_chunks table
2025-05-07 17:47:46.201 - Updating ref count 
2025-05-07 17:47:46.202 - Saving in file_chunks table
2025-05-07 17:47:46.235 - Updating ref count 
2025-05-07 17:47:46.236 - Saving in file_chunks table
2025-05-07 17:47:46.264 - Updating ref count 
2025-05-07 17:47:46.265 - Saving in file_chunks table
2025-05-07 17:47:46.293 - Updating ref count 
2025-05-07 17:47:46.294 - Saving in file_chunks table
2025-05-07 17:47:46.324 - Updating ref count 
2025-05-07 17:47:46.325 - Saving in file_chunks table
2025-05-07 17:47:46.352 - Updating ref count 
2025-05-07 17:47:46.353 - Saving in file_chunks table
2025-05-07 17:47:46.384 - Updating ref count 
2025-05-07 17:47:46.385 - Saving in file_chunks table
2025-05-07 17:47:46.410 - Updating ref count 
2025-05-07 17:47:46.411 - Saving in file_chunks table
2025-05-07 17:47:46.443 - Updating ref count 
2025-05-07 17:47:46.443 - Saving in file_chunks table
2025-05-07 17:47:46.467 - Updating ref count 
2025-05-07 17:47:46.468 - Saving in file_chunks table
2025-05-07 17:47:46.491 - Updating ref count 
2025-05-07 17:47:46.492 - Saving in file_chunks table
2025-05-07 17:47:46.523 - Updating ref count 
2025-05-07 17:47:46.524 - Saving in file_chunks table
2025-05-07 17:47:46.550 - Updating ref count 
2025-05-07 17:47:46.551 - Saving in file_chunks table
2025-05-07 17:47:46.581 - Updating ref count 
2025-05-07 17:47:46.582 - Saving in file_chunks table
2025-05-07 17:47:46.613 - Updating ref count 
2025-05-07 17:47:46.614 - Saving in file_chunks table
2025-05-07 17:47:46.646 - Updating ref count 
2025-05-07 17:47:46.646 - Saving in file_chunks table
2025-05-07 17:47:46.682 - Updating ref count 
2025-05-07 17:47:46.683 - Saving in file_chunks table
2025-05-07 17:47:46.718 - Updating ref count 
2025-05-07 17:47:46.719 - Saving in file_chunks table
2025-05-07 17:47:46.749 - Updating ref count 
2025-05-07 17:47:46.750 - Saving in file_chunks table
2025-05-07 17:47:46.790 - Updating ref count 
2025-05-07 17:47:46.790 - Saving in file_chunks table
2025-05-07 17:47:46.817 - Updating ref count 
2025-05-07 17:47:46.818 - Saving in file_chunks table
2025-05-07 17:47:46.828 - Updating ref count 
2025-05-07 17:47:46.829 - Saving in file_chunks table
2025-05-07 17:47:46.830 - Inserting into file_metadata table
2025-05-07 17:47:46.845 - Updated ALl tables for  50 chunks for CID: d9890958fee79a61c58ec629ec93f437bda0b4dfee773f422f001c7099d9ea99_05b4df19b6dc40d3
2025-05-07 17:52:08.277 - Database initialized (file_chunks, chunk_references, file_metadata).
2025-05-07 17:52:08.278 - StorageService starting HTTP on port 8081
2025-05-07 17:52:17.021 - POST /store received, Content-Length=68918138
2025-05-07 17:52:17.974 - Storing CID=d9890958fee79a61c58ec629ec93f437bda0b4dfee773f422f001c7099d9ea99_5d5469bbab50af19 with 50 chunks
2025-05-07 17:52:19.179 - Updated reference counts for 50 chunks for CID: d9890958fee79a61c58ec629ec93f437bda0b4dfee773f422f001c7099d9ea99_5d5469bbab50af19
2025-05-07 18:01:52.694 - Database initialized (file_chunks, chunk_references, file_metadata).
2025-05-07 18:01:52.697 - StorageService starting HTTP on port 8081
2025-05-07 18:02:48.946 - POST /store received, Content-Length=68918138
2025-05-07 18:02:50.077 - Storing CID=d9890958fee79a61c58ec629ec93f437bda0b4dfee773f422f001c7099d9ea99_b44bdab404e9ad3a with 50 chunks
2025-05-07 18:02:51.399 - Updated reference counts for 50 chunks for CID: d9890958fee79a61c58ec629ec93f437bda0b4dfee773f422f001c7099d9ea99_b44bdab404e9ad3a
